#
# There is insufficient memory for the Java Runtime Environment to continue.
# Native memory allocation (malloc) failed to allocate 1182896 bytes for Chunk::new
# Possible reasons:
#   The system is out of physical RAM or swap space
#   The process is running with CompressedOops enabled, and the Java Heap may be blocking the growth of the native heap
# Possible solutions:
#   Reduce memory load on the system
#   Increase physical memory or swap space
#   Check if swap backing store is full
#   Decrease Java heap size (-Xmx/-Xms)
#   Decrease number of Java threads
#   Decrease Java thread stack sizes (-Xss)
#   Set larger code cache with -XX:ReservedCodeCacheSize=
#   JVM is running with Unscaled Compressed Oops mode in which the Java heap is
#     placed in the first 4GB address space. The Java Heap base address is the
#     maximum limit for the native heap growth. Please use -XX:HeapBaseMinAddress
#     to set the Java Heap base and to place the Java Heap above 4GB virtual address.
# This output file may be truncated or incomplete.
#
#  Out of Memory Error (allocation.cpp:389), pid=5628, tid=0x000000000000361c
#
# JRE version: Java(TM) SE Runtime Environment (8.0_231-b11) (build 1.8.0_231-b11)
# Java VM: Java HotSpot(TM) 64-Bit Server VM (25.231-b11 mixed mode windows-amd64 compressed oops)
# Failed to write core dump. Minidumps are not enabled by default on client versions of Windows
#

---------------  T H R E A D  ---------------

Current thread (0x0000000014c6a800):  JavaThread "C2 CompilerThread0" daemon [_thread_in_native, id=13852, stack(0x0000000015550000,0x0000000015650000)]

Stack: [0x0000000015550000,0x0000000015650000]
[error occurred during error reporting (printing stack bounds), id 0xc0000005]

Native frames: (J=compiled Java code, j=interpreted, Vv=VM code, C=native code)


Current CompileTask:
C2:   5568  649       4       java.io.WinNTFileSystem::normalize (143 bytes)


---------------  P R O C E S S  ---------------

Java Threads: ( => current thread )
  0x000000001620d000 JavaThread "pool-1-thread-1" [_thread_blocked, id=18832, stack(0x0000000017660000,0x0000000017760000)]
  0x0000000014d0b000 JavaThread "Service Thread" daemon [_thread_blocked, id=5132, stack(0x0000000015950000,0x0000000015a50000)]
  0x0000000014c85000 JavaThread "C1 CompilerThread3" daemon [_thread_blocked, id=888, stack(0x0000000015850000,0x0000000015950000)]
  0x0000000014c76000 JavaThread "C2 CompilerThread2" daemon [_thread_blocked, id=4992, stack(0x0000000015750000,0x0000000015850000)]
  0x0000000014c71800 JavaThread "C2 CompilerThread1" daemon [_thread_blocked, id=10544, stack(0x0000000015650000,0x0000000015750000)]
=>0x0000000014c6a800 JavaThread "C2 CompilerThread0" daemon [_thread_in_native, id=13852, stack(0x0000000015550000,0x0000000015650000)]
  0x0000000014c68000 JavaThread "Attach Listener" daemon [_thread_blocked, id=7048, stack(0x0000000015450000,0x0000000015550000)]
  0x0000000014c67000 JavaThread "Signal Dispatcher" daemon [_thread_blocked, id=18672, stack(0x0000000015350000,0x0000000015450000)]
  0x0000000014c61000 JavaThread "Finalizer" daemon [_thread_blocked, id=7640, stack(0x0000000015140000,0x0000000015240000)]
  0x0000000014c60800 JavaThread "Reference Handler" daemon [_thread_blocked, id=16976, stack(0x0000000015040000,0x0000000015140000)]
  0x000000000269e800 JavaThread "main" [_thread_in_native, id=20260, stack(0x0000000002350000,0x0000000002450000)]

Other Threads:
  0x0000000012e49800 VMThread [stack: 0x0000000014b40000,0x0000000014c40000] [id=10664]
  0x0000000014ce5800 WatcherThread [stack: 0x0000000015a50000,0x0000000015b50000] [id=6664]

VM state:not at safepoint (normal execution)

VM Mutex/Monitor currently owned by a thread: None

heap address: 0x00000000fc000000, size: 64 MB, Compressed Oops mode: 32-bit
Narrow klass base: 0x0000000000000000, Narrow klass shift: 3
Compressed class space size: 1073741824 Address: 0x0000000100000000

Heap:
 PSYoungGen      total 18944K, used 4690K [0x00000000feb00000, 0x0000000100000000, 0x0000000100000000)
  eden space 16384K, 13% used [0x00000000feb00000,0x00000000fed1c920,0x00000000ffb00000)
  from space 2560K, 98% used [0x00000000ffd80000,0x00000000ffff8020,0x0000000100000000)
  to   space 2560K, 0% used [0x00000000ffb00000,0x00000000ffb00000,0x00000000ffd80000)
 ParOldGen       total 44032K, used 1468K [0x00000000fc000000, 0x00000000feb00000, 0x00000000feb00000)
  object space 44032K, 3% used [0x00000000fc000000,0x00000000fc16f160,0x00000000feb00000)
 Metaspace       used 9680K, capacity 9994K, committed 10112K, reserved 1058816K
  class space    used 1297K, capacity 1393K, committed 1408K, reserved 1048576K

Card table byte_map: [0x0000000002450000,0x0000000002480000] byte_map_base: 0x0000000001c70000

Marking Bits: (ParMarkBitMap*) 0x0000000067e66d90
 Begin Bits: [0x0000000012260000, 0x0000000012360000)
 End Bits:   [0x0000000012360000, 0x0000000012460000)

Polling page: 0x0000000000660000

CodeCache: size=245760Kb used=3111Kb max_used=3123Kb free=242648Kb
 bounds [0x00000000026a0000, 0x00000000029b0000, 0x00000000116a0000]
 total_blobs=1155 nmethods=815 adapters=253
 compilation: enabled

Compilation events (10 events):
Event: 5.472 Thread 0x0000000014c76000  811       4       java.util.HashMap::putVal (300 bytes)
Event: 5.474 Thread 0x0000000014c85000  812       3       java.lang.String::toString (2 bytes)
Event: 5.474 Thread 0x0000000014c85000 nmethod 812 0x00000000029a2e10 code [0x00000000029a2f60, 0x00000000029a30b0]
Event: 5.476 Thread 0x0000000014c85000  813       3       java.util.HashMap$EntryIterator::next (5 bytes)
Event: 5.476 Thread 0x0000000014c85000 nmethod 813 0x00000000029a9ad0 code [0x00000000029a9c40, 0x00000000029a9f28]
Event: 5.476 Thread 0x0000000014c85000  814       3       java.util.HashMap$EntryIterator::next (5 bytes)
Event: 5.476 Thread 0x0000000014c85000 nmethod 814 0x00000000029a96d0 code [0x00000000029a9840, 0x00000000029a9a48]
Event: 5.476 Thread 0x0000000014c71800  815       4       java.util.zip.ZipCoder::getBytes (192 bytes)
Event: 5.479 Thread 0x0000000014c76000 nmethod 811 0x00000000029ac950 code [0x00000000029acb00, 0x00000000029ad0d0]
Event: 5.483 Thread 0x0000000014c71800 nmethod 815 0x00000000029ad690 code [0x00000000029ad840, 0x00000000029ade10]

GC Heap History (4 events):
Event: 1.806 GC heap before
{Heap before GC invocations=1 (full 0):
 PSYoungGen      total 18944K, used 16384K [0x00000000feb00000, 0x0000000100000000, 0x0000000100000000)
  eden space 16384K, 100% used [0x00000000feb00000,0x00000000ffb00000,0x00000000ffb00000)
  from space 2560K, 0% used [0x00000000ffd80000,0x00000000ffd80000,0x0000000100000000)
  to   space 2560K, 0% used [0x00000000ffb00000,0x00000000ffb00000,0x00000000ffd80000)
 ParOldGen       total 44032K, used 0K [0x00000000fc000000, 0x00000000feb00000, 0x00000000feb00000)
  object space 44032K, 0% used [0x00000000fc000000,0x00000000fc000000,0x00000000feb00000)
 Metaspace       used 5878K, capacity 6112K, committed 6272K, reserved 1056768K
  class space    used 738K, capacity 800K, committed 896K, reserved 1048576K
Event: 1.811 GC heap after
Heap after GC invocations=1 (full 0):
 PSYoungGen      total 18944K, used 2539K [0x00000000feb00000, 0x0000000100000000, 0x0000000100000000)
  eden space 16384K, 0% used [0x00000000feb00000,0x00000000feb00000,0x00000000ffb00000)
  from space 2560K, 99% used [0x00000000ffb00000,0x00000000ffd7ac58,0x00000000ffd80000)
  to   space 2560K, 0% used [0x00000000ffd80000,0x00000000ffd80000,0x0000000100000000)
 ParOldGen       total 44032K, used 199K [0x00000000fc000000, 0x00000000feb00000, 0x00000000feb00000)
  object space 44032K, 0% used [0x00000000fc000000,0x00000000fc031c48,0x00000000feb00000)
 Metaspace       used 5878K, capacity 6112K, committed 6272K, reserved 1056768K
  class space    used 738K, capacity 800K, committed 896K, reserved 1048576K
}
Event: 5.448 GC heap before
{Heap before GC invocations=2 (full 0):
 PSYoungGen      total 18944K, used 18923K [0x00000000feb00000, 0x0000000100000000, 0x0000000100000000)
  eden space 16384K, 100% used [0x00000000feb00000,0x00000000ffb00000,0x00000000ffb00000)
  from space 2560K, 99% used [0x00000000ffb00000,0x00000000ffd7ac58,0x00000000ffd80000)
  to   space 2560K, 0% used [0x00000000ffd80000,0x00000000ffd80000,0x0000000100000000)
 ParOldGen       total 44032K, used 199K [0x00000000fc000000, 0x00000000feb00000, 0x00000000feb00000)
  object space 44032K, 0% used [0x00000000fc000000,0x00000000fc031c48,0x00000000feb00000)
 Metaspace       used 9383K, capacity 9770K, committed 9856K, reserved 1058816K
  class space    used 1251K, capacity 1361K, committed 1408K, reserved 1048576K
Event: 5.453 GC heap after
Heap after GC invocations=2 (full 0):
 PSYoungGen      total 18944K, used 2528K [0x00000000feb00000, 0x0000000100000000, 0x0000000100000000)
  eden space 16384K, 0% used [0x00000000feb00000,0x00000000feb00000,0x00000000ffb00000)
  from space 2560K, 98% used [0x00000000ffd80000,0x00000000ffff8020,0x0000000100000000)
  to   space 2560K, 0% used [0x00000000ffb00000,0x00000000ffb00000,0x00000000ffd80000)
 ParOldGen       total 44032K, used 1468K [0x00000000fc000000, 0x00000000feb00000, 0x00000000feb00000)
  object space 44032K, 3% used [0x00000000fc000000,0x00000000fc16f160,0x00000000feb00000)
 Metaspace       used 9383K, capacity 9770K, committed 9856K, reserved 1058816K
  class space    used 1251K, capacity 1361K, committed 1408K, reserved 1048576K
}

Deoptimization events (4 events):
Event: 1.058 Thread 0x000000000269e800 Uncommon trap: reason=unstable_if action=reinterpret pc=0x00000000028312f8 method=java.lang.String.startsWith(Ljava/lang/String;I)Z @ 25
Event: 2.077 Thread 0x000000000269e800 Uncommon trap: reason=unstable_if action=reinterpret pc=0x00000000028a0d24 method=sun.misc.MetaIndex.mayContain(Ljava/lang/String;)Z @ 38
Event: 5.304 Thread 0x000000000269e800 Uncommon trap: reason=unstable_if action=reinterpret pc=0x000000000294d228 method=java.util.HashMap.hash(Ljava/lang/Object;)I @ 1
Event: 5.460 Thread 0x000000000269e800 Uncommon trap: reason=unstable_if action=reinterpret pc=0x000000000293713c method=java.util.HashMap.getNode(ILjava/lang/Object;)Ljava/util/HashMap$Node; @ 129

Classes redefined (0 events):
No events

Internal exceptions (10 events):
Event: 5.304 Thread 0x000000000269e800 Implicit null exception at 0x000000000294d015 to 0x000000000294d219
Event: 5.317 Thread 0x000000000269e800 Exception <a 'java/lang/ArrayIndexOutOfBoundsException'> (0x00000000ff606e80) thrown at [C:\re\workspace\8-2-build-windows-amd64-cygwin\jdk8u231\13620\hotspot\src\share\vm\runtime\sharedRuntime.cpp, line 605]
Event: 5.317 Thread 0x000000000269e800 Exception <a 'java/lang/ArrayIndexOutOfBoundsException'> (0x00000000ff60b090) thrown at [C:\re\workspace\8-2-build-windows-amd64-cygwin\jdk8u231\13620\hotspot\src\share\vm\runtime\sharedRuntime.cpp, line 605]
Event: 5.336 Thread 0x000000000269e800 Exception <a 'java/lang/ArrayIndexOutOfBoundsException'> (0x00000000ff6d18d8) thrown at [C:\re\workspace\8-2-build-windows-amd64-cygwin\jdk8u231\13620\hotspot\src\share\vm\runtime\sharedRuntime.cpp, line 605]
Event: 5.336 Thread 0x000000000269e800 Exception <a 'java/lang/ArrayIndexOutOfBoundsException'> (0x00000000ff6d4a88) thrown at [C:\re\workspace\8-2-build-windows-amd64-cygwin\jdk8u231\13620\hotspot\src\share\vm\runtime\sharedRuntime.cpp, line 605]
Event: 5.337 Thread 0x000000000269e800 Exception <a 'java/lang/ArrayIndexOutOfBoundsException'> (0x00000000ff6d5e50) thrown at [C:\re\workspace\8-2-build-windows-amd64-cygwin\jdk8u231\13620\hotspot\src\share\vm\runtime\sharedRuntime.cpp, line 605]
Event: 5.337 Thread 0x000000000269e800 Exception <a 'java/lang/ArrayIndexOutOfBoundsException'> (0x00000000ff6d74d0) thrown at [C:\re\workspace\8-2-build-windows-amd64-cygwin\jdk8u231\13620\hotspot\src\share\vm\runtime\sharedRuntime.cpp, line 605]
Event: 5.337 Thread 0x000000000269e800 Exception <a 'java/lang/ArrayIndexOutOfBoundsException'> (0x00000000ff6d85b0) thrown at [C:\re\workspace\8-2-build-windows-amd64-cygwin\jdk8u231\13620\hotspot\src\share\vm\runtime\sharedRuntime.cpp, line 605]
Event: 5.396 Thread 0x000000000269e800 Exception <a 'java/lang/NoSuchFieldError': method resolution failed> (0x00000000ff8a7030) thrown at [C:\re\workspace\8-2-build-windows-amd64-cygwin\jdk8u231\13620\hotspot\src\share\vm\prims\methodHandles.cpp, line 1167]
Event: 5.398 Thread 0x000000000269e800 Exception <a 'java/lang/NoSuchFieldError': method resolution failed> (0x00000000ff8b4b10) thrown at [C:\re\workspace\8-2-build-windows-amd64-cygwin\jdk8u231\13620\hotspot\src\share\vm\prims\methodHandles.cpp, line 1167]

Events (10 events):
Event: 5.483 loading class org/gradle/cache/internal/filelock/LockOptionsBuilder
Event: 5.483 loading class org/gradle/cache/internal/filelock/LockOptionsBuilder done
Event: 5.485 loading class org/gradle/cache/internal/locklistener/FileLockCommunicator
Event: 5.485 loading class org/gradle/cache/internal/locklistener/FileLockCommunicator done
Event: 5.486 loading class org/gradle/cache/internal/locklistener/GracefullyStoppedException
Event: 5.486 loading class org/gradle/cache/internal/locklistener/GracefullyStoppedException done
Event: 5.486 loading class java/net/DatagramSocket
Event: 5.487 loading class java/net/DatagramSocket done
Event: 5.487 loading class org/gradle/internal/remote/internal/inet/InetAddresses
Event: 5.487 loading class org/gradle/internal/remote/internal/inet/InetAddresses done


Dynamic libraries:
0x00007ff7bac90000 - 0x00007ff7bacc7000 	C:\Program Files\Java\jdk1.8.0_231\bin\java.exe
0x00007ff8e53a0000 - 0x00007ff8e5590000 	C:\Windows\SYSTEM32\ntdll.dll
0x00007ff8e4dd0000 - 0x00007ff8e4e82000 	C:\Windows\System32\KERNEL32.DLL
0x00007ff8e2500000 - 0x00007ff8e27a3000 	C:\Windows\System32\KERNELBASE.dll
0x00007ff8e3660000 - 0x00007ff8e3703000 	C:\Windows\System32\ADVAPI32.dll
0x00007ff8e4b50000 - 0x00007ff8e4bee000 	C:\Windows\System32\msvcrt.dll
0x00007ff8e3770000 - 0x00007ff8e3807000 	C:\Windows\System32\sechost.dll
0x00007ff8e3880000 - 0x00007ff8e39a0000 	C:\Windows\System32\RPCRT4.dll
0x00007ff8e3460000 - 0x00007ff8e35f4000 	C:\Windows\System32\USER32.dll
0x00007ff8e2800000 - 0x00007ff8e2821000 	C:\Windows\System32\win32u.dll
0x00007ff8e4430000 - 0x00007ff8e4456000 	C:\Windows\System32\GDI32.dll
0x00007ff8e30e0000 - 0x00007ff8e3274000 	C:\Windows\System32\gdi32full.dll
0x00007ff8e2fe0000 - 0x00007ff8e307e000 	C:\Windows\System32\msvcp_win.dll
0x00007ff8e32a0000 - 0x00007ff8e339a000 	C:\Windows\System32\ucrtbase.dll
0x00007ff8ca420000 - 0x00007ff8ca6a5000 	C:\Windows\WinSxS\amd64_microsoft.windows.common-controls_6595b64144ccf1df_6.0.18362.476_none_e6c4b11b130f2595\COMCTL32.dll
0x00007ff8e3a50000 - 0x00007ff8e3d86000 	C:\Windows\System32\combase.dll
0x00007ff8e2480000 - 0x00007ff8e2500000 	C:\Windows\System32\bcryptPrimitives.dll
0x00007ff8e3a20000 - 0x00007ff8e3a4e000 	C:\Windows\System32\IMM32.DLL
0x00000000696f0000 - 0x00000000697c2000 	C:\Program Files\Java\jdk1.8.0_231\jre\bin\msvcr100.dll
0x0000000067640000 - 0x0000000067ee6000 	C:\Program Files\Java\jdk1.8.0_231\jre\bin\server\jvm.dll
0x00007ff8e4260000 - 0x00007ff8e4268000 	C:\Windows\System32\PSAPI.DLL
0x00007ff8d9910000 - 0x00007ff8d9934000 	C:\Windows\SYSTEM32\WINMM.dll
0x00007ff8dd860000 - 0x00007ff8dd86a000 	C:\Windows\SYSTEM32\VERSION.dll
0x00007ff8d4f60000 - 0x00007ff8d4f69000 	C:\Windows\SYSTEM32\WSOCK32.dll
0x00007ff8e4bf0000 - 0x00007ff8e4c5f000 	C:\Windows\System32\WS2_32.dll
0x00007ff8d9860000 - 0x00007ff8d988d000 	C:\Windows\SYSTEM32\winmmbase.dll
0x00007ff8e27b0000 - 0x00007ff8e27fa000 	C:\Windows\System32\cfgmgr32.dll
0x00007ff8dce60000 - 0x00007ff8dce6f000 	C:\Program Files\Java\jdk1.8.0_231\jre\bin\verify.dll
0x00007ff8d2ff0000 - 0x00007ff8d3019000 	C:\Program Files\Java\jdk1.8.0_231\jre\bin\java.dll
0x00007ff8d3560000 - 0x00007ff8d3576000 	C:\Program Files\Java\jdk1.8.0_231\jre\bin\zip.dll
0x00007ff8e4460000 - 0x00007ff8e4b45000 	C:\Windows\System32\SHELL32.dll
0x00007ff8e40e0000 - 0x00007ff8e4189000 	C:\Windows\System32\shcore.dll
0x00007ff8e2860000 - 0x00007ff8e2fde000 	C:\Windows\System32\windows.storage.dll
0x00007ff8e2280000 - 0x00007ff8e229f000 	C:\Windows\System32\profapi.dll
0x00007ff8e22c0000 - 0x00007ff8e230a000 	C:\Windows\System32\powrprof.dll
0x00007ff8e2270000 - 0x00007ff8e2280000 	C:\Windows\System32\UMPDC.dll
0x00007ff8e3710000 - 0x00007ff8e3762000 	C:\Windows\System32\shlwapi.dll
0x00007ff8e22a0000 - 0x00007ff8e22b1000 	C:\Windows\System32\kernel.appcore.dll
0x00007ff8e3280000 - 0x00007ff8e3297000 	C:\Windows\System32\cryptsp.dll
0x00007ff8d2e60000 - 0x00007ff8d2e7a000 	C:\Program Files\Java\jdk1.8.0_231\jre\bin\net.dll
0x00007ff8e1a80000 - 0x00007ff8e1ae7000 	C:\Windows\system32\mswsock.dll
0x00007ff8d2e40000 - 0x00007ff8d2e52000 	C:\Program Files\Java\jdk1.8.0_231\jre\bin\nio.dll
0x00007ff8d1e90000 - 0x00007ff8d1eb6000 	C:\Users\CredPago 48\.gradle\native\29\windows-amd64\native-platform.dll
0x00007ff8e15f0000 - 0x00007ff8e1623000 	C:\Windows\system32\rsaenh.dll
0x00007ff8e2830000 - 0x00007ff8e2856000 	C:\Windows\System32\bcrypt.dll
0x00007ff8e2190000 - 0x00007ff8e21b5000 	C:\Windows\SYSTEM32\USERENV.dll
0x00007ff8e1c50000 - 0x00007ff8e1c5c000 	C:\Windows\SYSTEM32\CRYPTBASE.dll
0x00007ff8e1790000 - 0x00007ff8e17ca000 	C:\Windows\SYSTEM32\IPHLPAPI.DLL
0x00007ff8e3450000 - 0x00007ff8e3458000 	C:\Windows\System32\NSI.dll
0x00007ff8dbb50000 - 0x00007ff8dbb66000 	C:\Windows\SYSTEM32\dhcpcsvc6.DLL
0x00007ff8dcb80000 - 0x00007ff8dcb9c000 	C:\Windows\SYSTEM32\dhcpcsvc.DLL
0x00007ff8e17d0000 - 0x00007ff8e189a000 	C:\Windows\SYSTEM32\DNSAPI.dll
0x00007ff8dd5b0000 - 0x00007ff8dd5ba000 	C:\Users\CredPago 48\.gradle\native\jansi\1.17.1\windows64\jansi-1.17.1-3592861568153144472.dll
0x00007ff8dd550000 - 0x00007ff8dd55a000 	C:\Users\CredPago 48\.gradle\native\jansi\1.17.1\windows64\jansi-1.17.1-3169344810745787099.dll
0x00007ff8dd560000 - 0x00007ff8dd56d000 	C:\Program Files\Java\jdk1.8.0_231\jre\bin\management.dll

VM Arguments:
jvm_args: -Xmx64m -Xms64m -Dorg.gradle.appname=gradlew 
java_command: org.gradle.wrapper.GradleWrapperMain app:installDebug -PreactNativeDevServerPort=8081
java_class_path (initial): C:\shopbonsai\client\android\\gradle\wrapper\gradle-wrapper.jar
Launcher Type: SUN_STANDARD

Environment Variables:
JAVA_HOME=C:\Program Files\Java\jdk1.8.0_231\
CLASSPATH=C:\shopbonsai\client\android\\gradle\wrapper\gradle-wrapper.jar
PATH=C:\Program Files (x86)\Common Files\Oracle\Java\javapath;C:\Windows\system32;C:\Windows;C:\Windows\System32\Wbem;C:\Windows\System32\WindowsPowerShell\v1.0\;C:\Windows\System32\OpenSSH\;C:\Program Files\nodejs\;C:\Program Files (x86)\Yarn\bin\;C:\Users\CredPago 48\AppData\Local\Microsoft\WindowsApps;C:\Users\CredPago 48\AppData\Local\Android\Sdk\platform-tools;C:\Users\CredPago 48\AppData\Local\Programs\Microsoft VS Code\bin;C:\Users\CredPago 48\AppData\Roaming\npm;C:\Users\CredPago 48\AppData\Local\Yarn\bin;C:\Program Files\Java\jdk1.8.0_231\bin;
USERNAME=CredPago 48
OS=Windows_NT
PROCESSOR_IDENTIFIER=Intel64 Family 6 Model 142 Stepping 10, GenuineIntel



---------------  S Y S T E M  ---------------

OS: Windows 10.0 , 64 bit Build 18362 (10.0.18362.329)

CPU:total 8 (initial active 8) (4 cores per cpu, 2 threads per core) family 6 model 142 stepping 10, cmov, cx8, fxsr, mmx, sse, sse2, sse3, ssse3, sse4.1, sse4.2, popcnt, avx, avx2, aes, clmul, erms, 3dnowpref, lzcnt, ht, tsc, tscinvbit, bmi1, bmi2, adx

Memory: 4k page, physical 8295652k(368036k free), swap 22866400k(40k free)

vm_info: Java HotSpot(TM) 64-Bit Server VM (25.231-b11) for windows-amd64 JRE (1.8.0_231-b11), built on Oct  5 2019 03:11:30 by "java_re" with MS VC++ 10.0 (VS2010)

time: Tue Nov 19 10:31:50 2019
timezone: Hora oficial do Brasil
elapsed time: 5 seconds (0d 0h 0m 5s)

